{"meta": {"format": 3, "version": "7.11.0", "timestamp": "2025-11-04T11:19:29.423619", "branch_coverage": false, "show_contexts": false}, "files": {"mcp_server_generator/__init__.py": {"executed_lines": [1, 7, 8, 9, 11, 19], "summary": {"covered_lines": 5, "num_statements": 5, "percent_covered": 100.0, "percent_covered_display": "100", "missing_lines": 0, "excluded_lines": 0}, "missing_lines": [], "excluded_lines": [], "functions": {"": {"executed_lines": [1, 7, 8, 9, 11, 19], "summary": {"covered_lines": 5, "num_statements": 5, "percent_covered": 100.0, "percent_covered_display": "100", "missing_lines": 0, "excluded_lines": 0}, "missing_lines": [], "excluded_lines": []}}, "classes": {"": {"executed_lines": [1, 7, 8, 9, 11, 19], "summary": {"covered_lines": 5, "num_statements": 5, "percent_covered": 100.0, "percent_covered_display": "100", "missing_lines": 0, "excluded_lines": 0}, "missing_lines": [], "excluded_lines": []}}}, "mcp_server_generator/cli.py": {"executed_lines": [2, 6, 7, 8, 9, 10, 13, 15, 17, 18, 26, 27, 28, 29, 33, 40, 148, 150, 168, 169, 170, 171, 172, 173, 174, 175, 177, 180, 184, 185, 191, 193, 194, 196, 201, 211, 212, 213, 214, 216, 217, 218, 219, 220, 221, 223, 230], "summary": {"covered_lines": 46, "num_statements": 118, "percent_covered": 38.983050847457626, "percent_covered_display": "39", "missing_lines": 72, "excluded_lines": 0}, "missing_lines": [30, 31, 42, 45, 46, 47, 48, 49, 50, 51, 52, 53, 54, 57, 58, 59, 60, 63, 64, 65, 66, 68, 69, 70, 71, 74, 77, 78, 80, 81, 82, 83, 85, 87, 88, 90, 91, 92, 93, 95, 96, 97, 99, 106, 112, 113, 114, 116, 118, 119, 128, 129, 130, 131, 133, 134, 135, 136, 137, 138, 139, 141, 143, 144, 145, 181, 197, 198, 225, 226, 227, 231], "excluded_lines": [], "functions": {"load_tools_from_file": {"executed_lines": [15, 17, 18, 26, 27, 28, 29, 33], "summary": {"covered_lines": 8, "num_statements": 10, "percent_covered": 80.0, "percent_covered_display": "80", "missing_lines": 2, "excluded_lines": 0}, "missing_lines": [30, 31], "excluded_lines": []}, "interactive_mode": {"executed_lines": [], "summary": {"covered_lines": 0, "num_statements": 63, "percent_covered": 0.0, "percent_covered_display": "0", "missing_lines": 63, "excluded_lines": 0}, "missing_lines": [42, 45, 46, 47, 48, 49, 50, 51, 52, 53, 54, 57, 58, 59, 60, 63, 64, 65, 66, 68, 69, 70, 71, 74, 77, 78, 80, 81, 82, 83, 85, 87, 88, 90, 91, 92, 93, 95, 96, 97, 99, 106, 112, 113, 114, 116, 118, 119, 128, 129, 130, 131, 133, 134, 135, 136, 137, 138, 139, 141, 143, 144, 145], "excluded_lines": []}, "main": {"executed_lines": [150, 168, 169, 170, 171, 172, 173, 174, 175, 177, 180, 184, 185, 191, 193, 194, 196, 201, 211, 212, 213, 214, 216, 217, 218, 219, 220, 221, 223], "summary": {"covered_lines": 29, "num_statements": 35, "percent_covered": 82.85714285714286, "percent_covered_display": "83", "missing_lines": 6, "excluded_lines": 0}, "missing_lines": [181, 197, 198, 225, 226, 227], "excluded_lines": []}, "": {"executed_lines": [2, 6, 7, 8, 9, 10, 13, 40, 148, 230], "summary": {"covered_lines": 9, "num_statements": 10, "percent_covered": 90.0, "percent_covered_display": "90", "missing_lines": 1, "excluded_lines": 0}, "missing_lines": [231], "excluded_lines": []}}, "classes": {"": {"executed_lines": [2, 6, 7, 8, 9, 10, 13, 15, 17, 18, 26, 27, 28, 29, 33, 40, 148, 150, 168, 169, 170, 171, 172, 173, 174, 175, 177, 180, 184, 185, 191, 193, 194, 196, 201, 211, 212, 213, 214, 216, 217, 218, 219, 220, 221, 223, 230], "summary": {"covered_lines": 46, "num_statements": 118, "percent_covered": 38.983050847457626, "percent_covered_display": "39", "missing_lines": 72, "excluded_lines": 0}, "missing_lines": [30, 31, 42, 45, 46, 47, 48, 49, 50, 51, 52, 53, 54, 57, 58, 59, 60, 63, 64, 65, 66, 68, 69, 70, 71, 74, 77, 78, 80, 81, 82, 83, 85, 87, 88, 90, 91, 92, 93, 95, 96, 97, 99, 106, 112, 113, 114, 116, 118, 119, 128, 129, 130, 131, 133, 134, 135, 136, 137, 138, 139, 141, 143, 144, 145, 181, 197, 198, 225, 226, 227, 231], "excluded_lines": []}}}, "mcp_server_generator/generator.py": {"executed_lines": [1, 5, 6, 7, 8, 9, 12, 22, 23, 26, 29, 30, 33, 34, 36, 39, 49, 50, 53, 54, 57, 58, 60, 63, 85, 100, 110, 111, 113, 118, 119, 121, 124, 136, 139, 171, 172, 181, 182, 183, 190, 191, 194, 197, 200, 203, 204, 213, 214, 216, 220, 234, 237, 260, 263, 264, 265, 266, 268, 269, 271, 272, 274, 279, 280, 283, 284, 286, 287, 293, 294, 296, 304], "summary": {"covered_lines": 72, "num_statements": 78, "percent_covered": 92.3076923076923, "percent_covered_display": "92", "missing_lines": 6, "excluded_lines": 0}, "missing_lines": [198, 217, 275, 276, 298, 299], "excluded_lines": [], "functions": {"validate_project_name": {"executed_lines": [22, 23, 26, 29, 30, 33, 34, 36], "summary": {"covered_lines": 8, "num_statements": 8, "percent_covered": 100.0, "percent_covered_display": "100", "missing_lines": 0, "excluded_lines": 0}, "missing_lines": [], "excluded_lines": []}, "validate_tool_name": {"executed_lines": [49, 50, 53, 54, 57, 58, 60], "summary": {"covered_lines": 7, "num_statements": 7, "percent_covered": 100.0, "percent_covered_display": "100", "missing_lines": 0, "excluded_lines": 0}, "missing_lines": [], "excluded_lines": []}, "generate_tool_schema": {"executed_lines": [85, 100, 110, 111, 113, 118, 119, 121], "summary": {"covered_lines": 8, "num_statements": 8, "percent_covered": 100.0, "percent_covered_display": "100", "missing_lines": 0, "excluded_lines": 0}, "missing_lines": [], "excluded_lines": []}, "sanitize_description": {"executed_lines": [136], "summary": {"covered_lines": 1, "num_statements": 1, "percent_covered": 100.0, "percent_covered_display": "100", "missing_lines": 0, "excluded_lines": 0}, "missing_lines": [], "excluded_lines": []}, "generate_mcp_server": {"executed_lines": [171, 172, 181, 182, 183, 190, 191, 194, 197, 200, 203, 204, 213, 214, 216, 220, 234, 237, 260, 263, 264, 265, 266, 268, 269, 271, 272, 274, 279, 280, 283, 284, 286, 287, 293, 294, 296, 304], "summary": {"covered_lines": 38, "num_statements": 44, "percent_covered": 86.36363636363636, "percent_covered_display": "86", "missing_lines": 6, "excluded_lines": 0}, "missing_lines": [198, 217, 275, 276, 298, 299], "excluded_lines": []}, "": {"executed_lines": [1, 5, 6, 7, 8, 9, 12, 39, 63, 124, 139], "summary": {"covered_lines": 10, "num_statements": 10, "percent_covered": 100.0, "percent_covered_display": "100", "missing_lines": 0, "excluded_lines": 0}, "missing_lines": [], "excluded_lines": []}}, "classes": {"": {"executed_lines": [1, 5, 6, 7, 8, 9, 12, 22, 23, 26, 29, 30, 33, 34, 36, 39, 49, 50, 53, 54, 57, 58, 60, 63, 85, 100, 110, 111, 113, 118, 119, 121, 124, 136, 139, 171, 172, 181, 182, 183, 190, 191, 194, 197, 200, 203, 204, 213, 214, 216, 220, 234, 237, 260, 263, 264, 265, 266, 268, 269, 271, 272, 274, 279, 280, 283, 284, 286, 287, 293, 294, 296, 304], "summary": {"covered_lines": 72, "num_statements": 78, "percent_covered": 92.3076923076923, "percent_covered_display": "92", "missing_lines": 6, "excluded_lines": 0}, "missing_lines": [198, 217, 275, 276, 298, 299], "excluded_lines": []}}}, "mcp_server_generator/server.py": {"executed_lines": [2, 8, 9, 10, 11, 13, 16, 17, 19, 20, 21, 23, 25, 103, 105, 106, 107, 108, 112, 113, 114, 118, 123, 127, 128, 133, 135, 136, 138, 139, 140, 141, 146, 153, 181, 187], "summary": {"covered_lines": 34, "num_statements": 53, "percent_covered": 64.15094339622641, "percent_covered_display": "64", "missing_lines": 19, "excluded_lines": 0}, "missing_lines": [155, 156, 157, 158, 159, 161, 162, 164, 165, 167, 169, 170, 173, 174, 175, 178, 183, 184, 188], "excluded_lines": [], "functions": {"MCPServer.__init__": {"executed_lines": [20, 21], "summary": {"covered_lines": 2, "num_statements": 2, "percent_covered": 100.0, "percent_covered_display": "100", "missing_lines": 0, "excluded_lines": 0}, "missing_lines": [], "excluded_lines": []}, "MCPServer.handle_list_tools": {"executed_lines": [25], "summary": {"covered_lines": 1, "num_statements": 1, "percent_covered": 100.0, "percent_covered_display": "100", "missing_lines": 0, "excluded_lines": 0}, "missing_lines": [], "excluded_lines": []}, "MCPServer.handle_call_tool": {"executed_lines": [105, 106, 107, 108, 112, 113, 114, 118, 123, 127, 128], "summary": {"covered_lines": 11, "num_statements": 11, "percent_covered": 100.0, "percent_covered_display": "100", "missing_lines": 0, "excluded_lines": 0}, "missing_lines": [], "excluded_lines": []}, "MCPServer.handle_request": {"executed_lines": [135, 136, 138, 139, 140, 141, 146], "summary": {"covered_lines": 7, "num_statements": 7, "percent_covered": 100.0, "percent_covered_display": "100", "missing_lines": 0, "excluded_lines": 0}, "missing_lines": [], "excluded_lines": []}, "MCPServer.run": {"executed_lines": [], "summary": {"covered_lines": 0, "num_statements": 16, "percent_covered": 0.0, "percent_covered_display": "0", "missing_lines": 16, "excluded_lines": 0}, "missing_lines": [155, 156, 157, 158, 159, 161, 162, 164, 165, 167, 169, 170, 173, 174, 175, 178], "excluded_lines": []}, "main": {"executed_lines": [], "summary": {"covered_lines": 0, "num_statements": 2, "percent_covered": 0.0, "percent_covered_display": "0", "missing_lines": 2, "excluded_lines": 0}, "missing_lines": [183, 184], "excluded_lines": []}, "": {"executed_lines": [2, 8, 9, 10, 11, 13, 16, 17, 19, 23, 103, 133, 153, 181, 187], "summary": {"covered_lines": 13, "num_statements": 14, "percent_covered": 92.85714285714286, "percent_covered_display": "93", "missing_lines": 1, "excluded_lines": 0}, "missing_lines": [188], "excluded_lines": []}}, "classes": {"MCPServer": {"executed_lines": [20, 21, 25, 105, 106, 107, 108, 112, 113, 114, 118, 123, 127, 128, 135, 136, 138, 139, 140, 141, 146], "summary": {"covered_lines": 21, "num_statements": 37, "percent_covered": 56.75675675675676, "percent_covered_display": "57", "missing_lines": 16, "excluded_lines": 0}, "missing_lines": [155, 156, 157, 158, 159, 161, 162, 164, 165, 167, 169, 170, 173, 174, 175, 178], "excluded_lines": []}, "": {"executed_lines": [2, 8, 9, 10, 11, 13, 16, 17, 19, 23, 103, 133, 153, 181, 187], "summary": {"covered_lines": 13, "num_statements": 16, "percent_covered": 81.25, "percent_covered_display": "81", "missing_lines": 3, "excluded_lines": 0}, "missing_lines": [183, 184, 188], "excluded_lines": []}}}, "mcp_server_generator/templates/python/setup.py.j2": {"executed_lines": [1, 2, 4, 5, 6, 7, 8, 9, 10, 11, 12, 13, 14, 15, 16, 17, 18], "summary": {"covered_lines": 12, "num_statements": 12, "percent_covered": 100.0, "percent_covered_display": "100", "missing_lines": 0, "excluded_lines": 0}, "missing_lines": [], "excluded_lines": [], "functions": {"local_scheme": {"executed_lines": [6, 7, 8], "summary": {"covered_lines": 3, "num_statements": 3, "percent_covered": 100.0, "percent_covered_display": "100", "missing_lines": 0, "excluded_lines": 0}, "missing_lines": [], "excluded_lines": []}, "": {"executed_lines": [1, 2, 4, 5, 9, 10, 11, 12, 13, 14, 15, 16, 17, 18], "summary": {"covered_lines": 9, "num_statements": 9, "percent_covered": 100.0, "percent_covered_display": "100", "missing_lines": 0, "excluded_lines": 0}, "missing_lines": [], "excluded_lines": []}}, "classes": {"": {"executed_lines": [1, 2, 4, 5, 6, 7, 8, 9, 10, 11, 12, 13, 14, 15, 16, 17, 18], "summary": {"covered_lines": 12, "num_statements": 12, "percent_covered": 100.0, "percent_covered_display": "100", "missing_lines": 0, "excluded_lines": 0}, "missing_lines": [], "excluded_lines": []}}}, "mcp_server_generator/templates/python/tests/__init__.py.j2": {"executed_lines": [1, 4, 5, 6, 7, 8, 9, 10, 11, 12, 13, 14, 16, 17], "summary": {"covered_lines": 0, "num_statements": 0, "percent_covered": 100.0, "percent_covered_display": "100", "missing_lines": 0, "excluded_lines": 0}, "missing_lines": [], "excluded_lines": [], "functions": {"": {"executed_lines": [1], "summary": {"covered_lines": 0, "num_statements": 0, "percent_covered": 100.0, "percent_covered_display": "100", "missing_lines": 0, "excluded_lines": 0}, "missing_lines": [], "excluded_lines": []}}, "classes": {"": {"executed_lines": [1], "summary": {"covered_lines": 0, "num_statements": 0, "percent_covered": 100.0, "percent_covered_display": "100", "missing_lines": 0, "excluded_lines": 0}, "missing_lines": [], "excluded_lines": []}}}, "mcp_server_generator/tests/__init__.py": {"executed_lines": [1], "summary": {"covered_lines": 0, "num_statements": 0, "percent_covered": 100.0, "percent_covered_display": "100", "missing_lines": 0, "excluded_lines": 0}, "missing_lines": [], "excluded_lines": [], "functions": {"": {"executed_lines": [1], "summary": {"covered_lines": 0, "num_statements": 0, "percent_covered": 100.0, "percent_covered_display": "100", "missing_lines": 0, "excluded_lines": 0}, "missing_lines": [], "excluded_lines": []}}, "classes": {"": {"executed_lines": [1], "summary": {"covered_lines": 0, "num_statements": 0, "percent_covered": 100.0, "percent_covered_display": "100", "missing_lines": 0, "excluded_lines": 0}, "missing_lines": [], "excluded_lines": []}}}, "mcp_server_generator/tests/test_cli.py": {"executed_lines": [1, 5, 6, 7, 8, 11, 13, 14, 22, 24, 25, 26, 29, 31, 32, 39, 41, 42, 43, 46, 48, 49, 52, 54, 55, 57, 58, 61, 63, 65, 66, 69, 78, 80, 82, 83, 84, 87, 89, 92, 95, 96, 99, 101, 103, 104, 105, 106, 107, 108], "summary": {"covered_lines": 49, "num_statements": 49, "percent_covered": 100.0, "percent_covered_display": "100", "missing_lines": 0, "excluded_lines": 0}, "missing_lines": [], "excluded_lines": [], "functions": {"test_load_tools_from_json": {"executed_lines": [13, 14, 22, 24, 25, 26], "summary": {"covered_lines": 6, "num_statements": 6, "percent_covered": 100.0, "percent_covered_display": "100", "missing_lines": 0, "excluded_lines": 0}, "missing_lines": [], "excluded_lines": []}, "test_load_tools_from_json_as_array": {"executed_lines": [31, 32, 39, 41, 42, 43], "summary": {"covered_lines": 6, "num_statements": 6, "percent_covered": 100.0, "percent_covered_display": "100", "missing_lines": 0, "excluded_lines": 0}, "missing_lines": [], "excluded_lines": []}, "test_load_tools_from_file_not_found": {"executed_lines": [48, 49], "summary": {"covered_lines": 2, "num_statements": 2, "percent_covered": 100.0, "percent_covered_display": "100", "missing_lines": 0, "excluded_lines": 0}, "missing_lines": [], "excluded_lines": []}, "test_load_tools_from_file_invalid_format": {"executed_lines": [54, 55, 57, 58], "summary": {"covered_lines": 4, "num_statements": 4, "percent_covered": 100.0, "percent_covered_display": "100", "missing_lines": 0, "excluded_lines": 0}, "missing_lines": [], "excluded_lines": []}, "test_cli_main_with_all_args": {"executed_lines": [63, 65, 66, 69, 78, 80, 82, 83, 84], "summary": {"covered_lines": 9, "num_statements": 9, "percent_covered": 100.0, "percent_covered_display": "100", "missing_lines": 0, "excluded_lines": 0}, "missing_lines": [], "excluded_lines": []}, "test_cli_main_missing_args": {"executed_lines": [89, 92, 95, 96], "summary": {"covered_lines": 4, "num_statements": 4, "percent_covered": 100.0, "percent_covered_display": "100", "missing_lines": 0, "excluded_lines": 0}, "missing_lines": [], "excluded_lines": []}, "test_cli_imports": {"executed_lines": [101, 103, 104, 105, 106, 107, 108], "summary": {"covered_lines": 7, "num_statements": 7, "percent_covered": 100.0, "percent_covered_display": "100", "missing_lines": 0, "excluded_lines": 0}, "missing_lines": [], "excluded_lines": []}, "": {"executed_lines": [1, 5, 6, 7, 8, 11, 29, 46, 52, 61, 87, 99], "summary": {"covered_lines": 11, "num_statements": 11, "percent_covered": 100.0, "percent_covered_display": "100", "missing_lines": 0, "excluded_lines": 0}, "missing_lines": [], "excluded_lines": []}}, "classes": {"": {"executed_lines": [1, 5, 6, 7, 8, 11, 13, 14, 22, 24, 25, 26, 29, 31, 32, 39, 41, 42, 43, 46, 48, 49, 52, 54, 55, 57, 58, 61, 63, 65, 66, 69, 78, 80, 82, 83, 84, 87, 89, 92, 95, 96, 99, 101, 103, 104, 105, 106, 107, 108], "summary": {"covered_lines": 49, "num_statements": 49, "percent_covered": 100.0, "percent_covered_display": "100", "missing_lines": 0, "excluded_lines": 0}, "missing_lines": [], "excluded_lines": []}}}, "mcp_server_generator/tests/test_generator.py": {"executed_lines": [1, 5, 6, 7, 16, 18, 19, 20, 21, 24, 27, 28, 29, 32, 33, 34, 37, 38, 41, 43, 44, 45, 46, 49, 51, 52, 53, 54, 55, 58, 60, 68, 70, 71, 72, 73, 74, 75, 78, 80, 91, 93, 94, 95, 96, 99, 102, 104, 105, 106, 107, 110, 112, 122, 131, 132, 133, 134, 137, 138, 139, 140, 141, 142, 143, 146, 148, 149, 158, 160, 161, 170, 172, 173, 182, 185, 187, 188], "summary": {"covered_lines": 77, "num_statements": 77, "percent_covered": 100.0, "percent_covered_display": "100", "missing_lines": 0, "excluded_lines": 0}, "missing_lines": [], "excluded_lines": [], "functions": {"test_validate_project_name_valid": {"executed_lines": [18, 19, 20, 21], "summary": {"covered_lines": 4, "num_statements": 4, "percent_covered": 100.0, "percent_covered_display": "100", "missing_lines": 0, "excluded_lines": 0}, "missing_lines": [], "excluded_lines": []}, "test_validate_project_name_invalid": {"executed_lines": [27, 28, 29, 32, 33, 34, 37, 38], "summary": {"covered_lines": 8, "num_statements": 8, "percent_covered": 100.0, "percent_covered_display": "100", "missing_lines": 0, "excluded_lines": 0}, "missing_lines": [], "excluded_lines": []}, "test_validate_tool_name_valid": {"executed_lines": [43, 44, 45, 46], "summary": {"covered_lines": 4, "num_statements": 4, "percent_covered": 100.0, "percent_covered_display": "100", "missing_lines": 0, "excluded_lines": 0}, "missing_lines": [], "excluded_lines": []}, "test_validate_tool_name_invalid": {"executed_lines": [51, 52, 53, 54, 55], "summary": {"covered_lines": 5, "num_statements": 5, "percent_covered": 100.0, "percent_covered_display": "100", "missing_lines": 0, "excluded_lines": 0}, "missing_lines": [], "excluded_lines": []}, "test_generate_tool_schema_basic": {"executed_lines": [60, 68, 70, 71, 72, 73, 74, 75], "summary": {"covered_lines": 8, "num_statements": 8, "percent_covered": 100.0, "percent_covered_display": "100", "missing_lines": 0, "excluded_lines": 0}, "missing_lines": [], "excluded_lines": []}, "test_generate_tool_schema_type_mapping": {"executed_lines": [80, 91, 93, 94, 95, 96, 99], "summary": {"covered_lines": 7, "num_statements": 7, "percent_covered": 100.0, "percent_covered_display": "100", "missing_lines": 0, "excluded_lines": 0}, "missing_lines": [], "excluded_lines": []}, "test_sanitize_description": {"executed_lines": [104, 105, 106, 107], "summary": {"covered_lines": 4, "num_statements": 4, "percent_covered": 100.0, "percent_covered_display": "100", "missing_lines": 0, "excluded_lines": 0}, "missing_lines": [], "excluded_lines": []}, "test_generate_mcp_server_success": {"executed_lines": [112, 122, 131, 132, 133, 134, 137, 138, 139, 140, 141, 142, 143], "summary": {"covered_lines": 13, "num_statements": 13, "percent_covered": 100.0, "percent_covered_display": "100", "missing_lines": 0, "excluded_lines": 0}, "missing_lines": [], "excluded_lines": []}, "test_generate_mcp_server_invalid_project_name": {"executed_lines": [148, 149], "summary": {"covered_lines": 2, "num_statements": 2, "percent_covered": 100.0, "percent_covered_display": "100", "missing_lines": 0, "excluded_lines": 0}, "missing_lines": [], "excluded_lines": []}, "test_generate_mcp_server_invalid_tool_name": {"executed_lines": [160, 161], "summary": {"covered_lines": 2, "num_statements": 2, "percent_covered": 100.0, "percent_covered_display": "100", "missing_lines": 0, "excluded_lines": 0}, "missing_lines": [], "excluded_lines": []}, "test_generate_mcp_server_no_tools": {"executed_lines": [172, 173], "summary": {"covered_lines": 2, "num_statements": 2, "percent_covered": 100.0, "percent_covered_display": "100", "missing_lines": 0, "excluded_lines": 0}, "missing_lines": [], "excluded_lines": []}, "test_generate_mcp_server_existing_directory": {"executed_lines": [185, 187, 188], "summary": {"covered_lines": 3, "num_statements": 3, "percent_covered": 100.0, "percent_covered_display": "100", "missing_lines": 0, "excluded_lines": 0}, "missing_lines": [], "excluded_lines": []}, "": {"executed_lines": [1, 5, 6, 7, 16, 24, 41, 49, 58, 78, 102, 110, 146, 158, 170, 182], "summary": {"covered_lines": 15, "num_statements": 15, "percent_covered": 100.0, "percent_covered_display": "100", "missing_lines": 0, "excluded_lines": 0}, "missing_lines": [], "excluded_lines": []}}, "classes": {"": {"executed_lines": [1, 5, 6, 7, 16, 18, 19, 20, 21, 24, 27, 28, 29, 32, 33, 34, 37, 38, 41, 43, 44, 45, 46, 49, 51, 52, 53, 54, 55, 58, 60, 68, 70, 71, 72, 73, 74, 75, 78, 80, 91, 93, 94, 95, 96, 99, 102, 104, 105, 106, 107, 110, 112, 122, 131, 132, 133, 134, 137, 138, 139, 140, 141, 142, 143, 146, 148, 149, 158, 160, 161, 170, 172, 173, 182, 185, 187, 188], "summary": {"covered_lines": 77, "num_statements": 77, "percent_covered": 100.0, "percent_covered_display": "100", "missing_lines": 0, "excluded_lines": 0}, "missing_lines": [], "excluded_lines": []}}}, "mcp_server_generator/tests/test_server.py": {"executed_lines": [1, 5, 6, 7, 10, 11, 13, 14, 16, 17, 19, 20, 21, 24, 25, 27, 28, 31, 32, 33, 34, 35, 36, 39, 40, 41, 42, 43, 44, 49, 50, 51, 54, 55, 57, 59, 77, 78, 79, 80, 83, 86, 87, 89, 91, 104, 107, 108, 111, 112, 114, 116, 127, 128, 131, 132, 134, 136, 141, 142, 144, 145, 146, 149, 150, 152, 154, 159, 161, 162, 165, 166, 168, 170, 172, 173, 176, 177, 179, 181, 186, 188, 189, 190, 193, 194, 196, 198, 203, 205, 206, 209, 210, 212, 214, 223, 225, 226, 229, 231, 233, 234, 235], "summary": {"covered_lines": 102, "num_statements": 102, "percent_covered": 100.0, "percent_covered_display": "100", "missing_lines": 0, "excluded_lines": 0}, "missing_lines": [], "excluded_lines": [], "functions": {"test_handle_list_tools": {"executed_lines": [13, 14, 16, 17, 19, 20, 21], "summary": {"covered_lines": 7, "num_statements": 7, "percent_covered": 100.0, "percent_covered_display": "100", "missing_lines": 0, "excluded_lines": 0}, "missing_lines": [], "excluded_lines": []}, "test_list_tools_schema_validation": {"executed_lines": [27, 28, 31, 32, 33, 34, 35, 36, 39, 40, 41, 42, 43, 44, 49, 50, 51], "summary": {"covered_lines": 17, "num_statements": 17, "percent_covered": 100.0, "percent_covered_display": "100", "missing_lines": 0, "excluded_lines": 0}, "missing_lines": [], "excluded_lines": []}, "test_call_tool_generate_mcp_server": {"executed_lines": [57, 59, 77, 78, 79, 80, 83], "summary": {"covered_lines": 7, "num_statements": 7, "percent_covered": 100.0, "percent_covered_display": "100", "missing_lines": 0, "excluded_lines": 0}, "missing_lines": [], "excluded_lines": []}, "test_call_tool_generate_mcp_server_with_options": {"executed_lines": [89, 91, 104, 107, 108], "summary": {"covered_lines": 5, "num_statements": 5, "percent_covered": 100.0, "percent_covered_display": "100", "missing_lines": 0, "excluded_lines": 0}, "missing_lines": [], "excluded_lines": []}, "test_call_tool_generate_mcp_server_invalid_name": {"executed_lines": [114, 116, 127, 128], "summary": {"covered_lines": 4, "num_statements": 4, "percent_covered": 100.0, "percent_covered_display": "100", "missing_lines": 0, "excluded_lines": 0}, "missing_lines": [], "excluded_lines": []}, "test_call_tool_validate_project_name_valid": {"executed_lines": [134, 136, 141, 142, 144, 145, 146], "summary": {"covered_lines": 7, "num_statements": 7, "percent_covered": 100.0, "percent_covered_display": "100", "missing_lines": 0, "excluded_lines": 0}, "missing_lines": [], "excluded_lines": []}, "test_call_tool_validate_project_name_invalid": {"executed_lines": [152, 154, 159, 161, 162], "summary": {"covered_lines": 5, "num_statements": 5, "percent_covered": 100.0, "percent_covered_display": "100", "missing_lines": 0, "excluded_lines": 0}, "missing_lines": [], "excluded_lines": []}, "test_call_tool_unknown": {"executed_lines": [168, 170, 172, 173], "summary": {"covered_lines": 4, "num_statements": 4, "percent_covered": 100.0, "percent_covered_display": "100", "missing_lines": 0, "excluded_lines": 0}, "missing_lines": [], "excluded_lines": []}, "test_handle_request_unknown_method": {"executed_lines": [179, 181, 186, 188, 189, 190], "summary": {"covered_lines": 6, "num_statements": 6, "percent_covered": 100.0, "percent_covered_display": "100", "missing_lines": 0, "excluded_lines": 0}, "missing_lines": [], "excluded_lines": []}, "test_handle_request_list_tools": {"executed_lines": [196, 198, 203, 205, 206], "summary": {"covered_lines": 5, "num_statements": 5, "percent_covered": 100.0, "percent_covered_display": "100", "missing_lines": 0, "excluded_lines": 0}, "missing_lines": [], "excluded_lines": []}, "test_handle_request_call_tool": {"executed_lines": [212, 214, 223, 225, 226], "summary": {"covered_lines": 5, "num_statements": 5, "percent_covered": 100.0, "percent_covered_display": "100", "missing_lines": 0, "excluded_lines": 0}, "missing_lines": [], "excluded_lines": []}, "test_mcp_server_imports": {"executed_lines": [231, 233, 234, 235], "summary": {"covered_lines": 4, "num_statements": 4, "percent_covered": 100.0, "percent_covered_display": "100", "missing_lines": 0, "excluded_lines": 0}, "missing_lines": [], "excluded_lines": []}, "": {"executed_lines": [1, 5, 6, 7, 10, 11, 24, 25, 54, 55, 86, 87, 111, 112, 131, 132, 149, 150, 165, 166, 176, 177, 193, 194, 209, 210, 229], "summary": {"covered_lines": 26, "num_statements": 26, "percent_covered": 100.0, "percent_covered_display": "100", "missing_lines": 0, "excluded_lines": 0}, "missing_lines": [], "excluded_lines": []}}, "classes": {"": {"executed_lines": [1, 5, 6, 7, 10, 11, 13, 14, 16, 17, 19, 20, 21, 24, 25, 27, 28, 31, 32, 33, 34, 35, 36, 39, 40, 41, 42, 43, 44, 49, 50, 51, 54, 55, 57, 59, 77, 78, 79, 80, 83, 86, 87, 89, 91, 104, 107, 108, 111, 112, 114, 116, 127, 128, 131, 132, 134, 136, 141, 142, 144, 145, 146, 149, 150, 152, 154, 159, 161, 162, 165, 166, 168, 170, 172, 173, 176, 177, 179, 181, 186, 188, 189, 190, 193, 194, 196, 198, 203, 205, 206, 209, 210, 212, 214, 223, 225, 226, 229, 231, 233, 234, 235], "summary": {"covered_lines": 102, "num_statements": 102, "percent_covered": 100.0, "percent_covered_display": "100", "missing_lines": 0, "excluded_lines": 0}, "missing_lines": [], "excluded_lines": []}}}, "mcp_server_generator/tests/test_templates.py": {"executed_lines": [1, 5, 6, 7, 8, 11, 13, 14, 16, 43, 50, 51, 52, 53, 56, 58, 67, 70, 71, 72, 74, 77, 80, 82, 91, 94, 95, 96, 99, 100, 101, 104, 105, 106, 109, 110], "summary": {"covered_lines": 35, "num_statements": 35, "percent_covered": 100.0, "percent_covered_display": "100", "missing_lines": 0, "excluded_lines": 0}, "missing_lines": [], "excluded_lines": [], "functions": {"test_all_templates_render": {"executed_lines": [13, 14, 16, 43, 50, 51, 52, 53], "summary": {"covered_lines": 8, "num_statements": 8, "percent_covered": 100.0, "percent_covered_display": "100", "missing_lines": 0, "excluded_lines": 0}, "missing_lines": [], "excluded_lines": []}, "test_generated_python_syntax": {"executed_lines": [58, 67, 70, 71, 72, 74, 77], "summary": {"covered_lines": 7, "num_statements": 7, "percent_covered": 100.0, "percent_covered_display": "100", "missing_lines": 0, "excluded_lines": 0}, "missing_lines": [], "excluded_lines": []}, "test_generated_files_contain_project_info": {"executed_lines": [82, 91, 94, 95, 96, 99, 100, 101, 104, 105, 106, 109, 110], "summary": {"covered_lines": 13, "num_statements": 13, "percent_covered": 100.0, "percent_covered_display": "100", "missing_lines": 0, "excluded_lines": 0}, "missing_lines": [], "excluded_lines": []}, "": {"executed_lines": [1, 5, 6, 7, 8, 11, 56, 80], "summary": {"covered_lines": 7, "num_statements": 7, "percent_covered": 100.0, "percent_covered_display": "100", "missing_lines": 0, "excluded_lines": 0}, "missing_lines": [], "excluded_lines": []}}, "classes": {"": {"executed_lines": [1, 5, 6, 7, 8, 11, 13, 14, 16, 43, 50, 51, 52, 53, 56, 58, 67, 70, 71, 72, 74, 77, 80, 82, 91, 94, 95, 96, 99, 100, 101, 104, 105, 106, 109, 110], "summary": {"covered_lines": 35, "num_statements": 35, "percent_covered": 100.0, "percent_covered_display": "100", "missing_lines": 0, "excluded_lines": 0}, "missing_lines": [], "excluded_lines": []}}}}, "totals": {"covered_lines": 432, "num_statements": 529, "percent_covered": 81.66351606805293, "percent_covered_display": "82", "missing_lines": 97, "excluded_lines": 0}}